<?xml version="1.0" encoding="UTF-8"?>
<!-- Generated by org.testng.reporters.JUnitReportReporter -->
<testsuite skipped="4" hostname="DESKTOP-6FUVUM1" name="Rest_Assured.Rest_Assured.Rest_Assured" tests="9" failures="0" timestamp="16 Mar 2022 04:15:42 GMT" time="9.928" errors="0">
  <testcase name="Login" time="1.617" classname="Rest_Assured.Rest_Assured.Rest_Assured"/>
  <testcase name="Delete" time="1.480" classname="Rest_Assured.Rest_Assured.Rest_Assured"/>
  <testcase name="createUser" time="3.870" classname="Rest_Assured.Rest_Assured.Rest_Assured"/>
  <testcase name="Logout" time="1.503" classname="Rest_Assured.Rest_Assured.Rest_Assured"/>
  <testcase name="Modify" time="1.458" classname="Rest_Assured.Rest_Assured.Rest_Assured"/>
  <testcase name="API_Test2" classname="Rest_Assured.Rest_Assured.Rest_Assured">
    <skipped/>
  </testcase> <!-- API_Test2 -->
  <testcase name="API" classname="Rest_Assured.Rest_Assured.Rest_Assured">
    <skipped/>
  </testcase> <!-- API -->
  <testcase name="Jsson_sending_request_by_converting_to_string" classname="Rest_Assured.Rest_Assured.Rest_Assured">
    <skipped/>
  </testcase> <!-- Jsson_sending_request_by_converting_to_string -->
  <testcase name="Jsson_sending_request_from_file" classname="Rest_Assured.Rest_Assured.Rest_Assured">
    <skipped/>
  </testcase> <!-- Jsson_sending_request_from_file -->
</testsuite> <!-- Rest_Assured.Rest_Assured.Rest_Assured -->
